c:\users\matthew.struble\documents\subversion\sp2015egp42001\struble\physicsproject\physicsproject\debug\vc120.pdb
c:\users\matthew.struble\documents\subversion\sp2015egp42001\struble\physicsproject\physicsproject\debug\vc120.idb
c:\users\matthew.struble\documents\subversion\sp2015egp42001\struble\physicsproject\physicsproject\debug\groundcontact.obj
c:\users\matthew.struble\documents\subversion\sp2015egp42001\struble\physicsproject\physicsproject\debug\hud.obj
c:\users\matthew.struble\documents\subversion\sp2015egp42001\struble\physicsproject\physicsproject\debug\linkcontact.obj
c:\users\matthew.struble\documents\subversion\sp2015egp42001\struble\physicsproject\physicsproject\debug\main.obj
c:\users\matthew.struble\documents\subversion\sp2015egp42001\struble\physicsproject\physicsproject\debug\matrix.obj
c:\users\matthew.struble\documents\subversion\sp2015egp42001\struble\physicsproject\physicsproject\debug\physicobject.obj
c:\users\matthew.struble\documents\subversion\sp2015egp42001\struble\physicsproject\physicsproject\debug\contact.obj
c:\users\matthew.struble\documents\subversion\sp2015egp42001\struble\physicsproject\physicsproject\debug\contactresolver.obj
c:\users\matthew.struble\documents\subversion\sp2015egp42001\struble\physicsproject\physicsproject\debug\physicobjecthandler.obj
c:\users\matthew.struble\documents\subversion\sp2015egp42001\struble\physicsproject\physicsproject\debug\rodlink.obj
c:\users\matthew.struble\documents\subversion\sp2015egp42001\struble\physicsproject\physicsproject\debug\solarsystem.obj
c:\users\matthew.struble\documents\subversion\sp2015egp42001\struble\physicsproject\physicsproject\debug\solarsystemparser.obj
c:\users\matthew.struble\documents\subversion\sp2015egp42001\struble\physicsproject\physicsproject\debug\sphere.obj
c:\users\matthew.struble\documents\subversion\sp2015egp42001\struble\physicsproject\physicsproject\debug\springforcegenerator.obj
c:\users\matthew.struble\documents\subversion\sp2015egp42001\struble\physicsproject\physicsproject\debug\teapot.obj
c:\users\matthew.struble\documents\subversion\sp2015egp42001\struble\physicsproject\physicsproject\debug\tinyxml2.obj
c:\users\matthew.struble\documents\subversion\sp2015egp42001\struble\physicsproject\physicsproject\debug\torus.obj
c:\users\matthew.struble\documents\subversion\sp2015egp42001\struble\physicsproject\physicsproject\debug\vector2d.obj
c:\users\matthew.struble\documents\subversion\sp2015egp42001\struble\physicsproject\physicsproject\debug\vector3d.obj
c:\users\matthew.struble\documents\subversion\sp2015egp42001\struble\physicsproject\physicsproject\debug\anchorbungeeforcegenerator.obj
c:\users\matthew.struble\documents\subversion\sp2015egp42001\struble\physicsproject\physicsproject\debug\anchorspringforcegenerator.obj
c:\users\matthew.struble\documents\subversion\sp2015egp42001\struble\physicsproject\physicsproject\debug\bungeeforcegenerator.obj
c:\users\matthew.struble\documents\subversion\sp2015egp42001\struble\physicsproject\physicsproject\debug\camera.obj
c:\users\matthew.struble\documents\subversion\sp2015egp42001\struble\physicsproject\physicsproject\debug\collisionhandler.obj
c:\users\matthew.struble\documents\subversion\sp2015egp42001\struble\physicsproject\physicsproject\debug\color.obj
c:\users\matthew.struble\documents\subversion\sp2015egp42001\struble\physicsproject\physicsproject\debug\cone.obj
c:\users\matthew.struble\documents\subversion\sp2015egp42001\struble\physicsproject\physicsproject\debug\cube.obj
c:\users\matthew.struble\documents\subversion\sp2015egp42001\struble\physicsproject\physicsproject\debug\debug.obj
c:\users\matthew.struble\documents\subversion\sp2015egp42001\struble\physicsproject\physicsproject\debug\forceregistry.obj
c:\users\matthew.struble\documents\subversion\sp2015egp42001\struble\physicsproject\physicsproject\debug\game.obj
c:\users\matthew.struble\documents\subversion\sp2015egp42001\struble\physicsproject\physicsproject\debug\gluttime.obj
c:\users\matthew.struble\documents\subversion\sp2015egp42001\struble\physicsproject\physicsproject\debug\gravityforcegenerator.obj
c:\users\matthew.struble\documents\subversion\sp2015egp42001\struble\physicsproject\physicsproject\debug\cablelink.obj
c:\users\matthew.struble\documents\subversion\sp2015egp42001\struble\physicsproject\physicsproject\debug\gameobject.obj
c:\users\matthew.struble\documents\subversion\sp2015egp42001\struble\physicsproject\physicsproject\debug\planet.obj
c:\users\matthew.struble\documents\subversion\sp2015egp42001\struble\physicsproject\physicsproject\debug\constantgravityforcegenerator.obj
c:\users\matthew.struble\documents\subversion\sp2015egp42001\struble\physicsproject\physicsproject\debug\cubema.obj
c:\users\matthew.struble\documents\subversion\sp2015egp42001\struble\physicsproject\physicsproject\debug\massaggregate.obj
c:\users\matthew.struble\documents\subversion\sp2015egp42001\struble\physicsproject\physicsproject\debug\plane.obj
c:\users\matthew.struble\documents\subversion\sp2015egp42001\struble\physicsproject\physicsproject\debug\blobsystem.obj
c:\users\matthew.struble\documents\subversion\sp2015egp42001\struble\physicsproject\debug\physicsproject.ilk
c:\users\matthew.struble\documents\subversion\sp2015egp42001\struble\physicsproject\debug\physicsproject.exe
c:\users\matthew.struble\documents\subversion\sp2015egp42001\struble\physicsproject\debug\physicsproject.pdb
c:\users\matthew.struble\documents\subversion\sp2015egp42001\struble\physicsproject\physicsproject\debug\physicsproject.tlog\cl.command.1.tlog
c:\users\matthew.struble\documents\subversion\sp2015egp42001\struble\physicsproject\physicsproject\debug\physicsproject.tlog\cl.read.1.tlog
c:\users\matthew.struble\documents\subversion\sp2015egp42001\struble\physicsproject\physicsproject\debug\physicsproject.tlog\cl.write.1.tlog
c:\users\matthew.struble\documents\subversion\sp2015egp42001\struble\physicsproject\physicsproject\debug\physicsproject.tlog\link.command.1.tlog
c:\users\matthew.struble\documents\subversion\sp2015egp42001\struble\physicsproject\physicsproject\debug\physicsproject.tlog\link.read.1.tlog
c:\users\matthew.struble\documents\subversion\sp2015egp42001\struble\physicsproject\physicsproject\debug\physicsproject.tlog\link.write.1.tlog
