Build started 2/17/2015 4:21:42 PM.
     1>Project "D:\Documents\Subversion\Console\struble\PhysicsProject\PhysicsProject\PhysicsProject.vcxproj" on node 2 (Build target(s)).
     1>ClCompile:
         C:\Program Files (x86)\Microsoft Visual Studio 12.0\VC\bin\CL.exe /c /ID:\Documents\Subversion\Console\struble\PhysicsProject\packages\nupengl.core.0.0.0.1\build\native\../..//build/native/include/ /ZI /nologo /W3 /WX- /sdl /Od /Oy- /D _MBCS /Gm /EHsc /RTC1 /MDd /GS /fp:precise /Zc:wchar_t /Zc:forScope /Fo"Debug\\" /Fd"Debug\vc120.pdb" /Gd /TP /analyze- /errorReport:prompt PhysicObjectHandler.cpp
         PhysicObjectHandler.cpp
     1>d:\documents\subversion\console\struble\physicsproject\physicsproject\physicobjecthandler.cpp(56): warning C4018: '<' : signed/unsigned mismatch
       Link:
         C:\Program Files (x86)\Microsoft Visual Studio 12.0\VC\bin\link.exe /ERRORREPORT:PROMPT /OUT:"D:\Documents\Subversion\Console\struble\PhysicsProject\Debug\PhysicsProject.exe" /INCREMENTAL /NOLOGO D:\Documents\Subversion\Console\struble\PhysicsProject\packages\nupengl.core.0.0.0.1\build\native\../..//build/native/lib/Win32\v120\glew32.lib D:\Documents\Subversion\Console\struble\PhysicsProject\packages\nupengl.core.0.0.0.1\build\native\../..//build/native/lib/Win32\v120\glfw3dll.lib D:\Documents\Subversion\Console\struble\PhysicsProject\packages\nupengl.core.0.0.0.1\build\native\../..//build/native/lib/Win32\v120\freeglut.lib OpenGL32.lib glu32.lib kernel32.lib user32.lib gdi32.lib winspool.lib comdlg32.lib advapi32.lib shell32.lib ole32.lib oleaut32.lib uuid.lib odbc32.lib odbccp32.lib /MANIFEST /MANIFESTUAC:"level='asInvoker' uiAccess='false'" /manifest:embed /DEBUG /PDB:"D:\Documents\Subversion\Console\struble\PhysicsProject\Debug\PhysicsProject.pdb" /TLBID:1 /DYNAMICBASE /NXCOMPAT /IMPLIB:"D:\Documents\Subversion\Console\struble\PhysicsProject\Debug\PhysicsProject.lib" /MACHINE:X86 Debug\Camera.obj
         Debug\Color.obj
         Debug\Cone.obj
         Debug\Cube.obj
         Debug\Debug.obj
         Debug\ForceRegistry.obj
         Debug\Game.obj
         Debug\GlutTime.obj
         Debug\GravityForceGenerator.obj
         Debug\HUD.obj
         Debug\Main.obj
         Debug\Matrix.obj
         Debug\PhysicObject.obj
         Debug\PhysicObjectHandler.obj
         Debug\Planet.obj
         Debug\SolarSystem.obj
         Debug\SolarSystemParser.obj
         Debug\Sphere.obj
         Debug\Teapot.obj
         Debug\tinyxml2.obj
         Debug\Torus.obj
         Debug\Vector2D.obj
         Debug\Vector3D.obj
         PhysicsProject.vcxproj -> D:\Documents\Subversion\Console\struble\PhysicsProject\Debug\PhysicsProject.exe
     1>Done Building Project "D:\Documents\Subversion\Console\struble\PhysicsProject\PhysicsProject\PhysicsProject.vcxproj" (Build target(s)).

Build succeeded.

Time Elapsed 00:00:00.96
